# JRE version: Java(TM) SE Runtime Environment (8.0_172-b11) (build 1.8.0_172-b11)
# Java VM: Java HotSpot(TM) 64-Bit Server VM (25.172-b11 mixed mode windows-amd64 compressed oops)
Heap:
 PSYoungGen      total 258560K, used 185651K [0x00000000e0000000, 0x00000000f8000000, 0x0000000100000000)
  eden space 217600K, 72% used [0x00000000e0000000,0x00000000e99a0898,0x00000000ed480000)
  from space 40960K, 69% used [0x00000000ed480000,0x00000000ef02c400,0x00000000efc80000)
  to   space 65536K, 0% used [0x00000000f4000000,0x00000000f4000000,0x00000000f8000000)
 ParOldGen       total 134656K, used 134240K [0x00000000a0000000, 0x00000000a8380000, 0x00000000e0000000)
  object space 134656K, 99% used [0x00000000a0000000,0x00000000a83183b8,0x00000000a8380000)
 Metaspace       used 80489K, capacity 82620K, committed 82944K, reserved 1122304K
  class space    used 10369K, capacity 10945K, committed 11008K, reserved 1048576K
GC Heap History (10 events):
Event: 899.087 GC heap before
{Heap before GC invocations=19 (full 3):
 PSYoungGen      total 196096K, used 182309K [0x00000000e0000000, 0x00000000ef380000, 0x0000000100000000)
  eden space 177152K, 100% used [0x00000000e0000000,0x00000000ead00000,0x00000000ead00000)
  from space 18944K, 27% used [0x00000000ead00000,0x00000000eb209400,0x00000000ebf80000)
  to   space 18944K, 0% used [0x00000000ee100000,0x00000000ee100000,0x00000000ef380000)
 ParOldGen       total 129024K, used 38730K [0x00000000a0000000, 0x00000000a7e00000, 0x00000000e0000000)
  object space 129024K, 30% used [0x00000000a0000000,0x00000000a25d2800,0x00000000a7e00000)
 Metaspace       used 66822K, capacity 68874K, committed 69120K, reserved 1110016K
  class space    used 8874K, capacity 9430K, committed 9472K, reserved 1048576K
Event: 899.137 GC heap after
Heap after GC invocations=19 (full 3):
 PSYoungGen      total 228864K, used 15379K [0x00000000e0000000, 0x00000000efe00000, 0x0000000100000000)
  eden space 209920K, 0% used [0x00000000e0000000,0x00000000e0000000,0x00000000ecd00000)
  from space 18944K, 81% used [0x00000000ee100000,0x00000000ef004ee8,0x00000000ef380000)
  to   space 20480K, 0% used [0x00000000ecd00000,0x00000000ecd00000,0x00000000ee100000)
 ParOldGen       total 129024K, used 38738K [0x00000000a0000000, 0x00000000a7e00000, 0x00000000e0000000)
  object space 129024K, 30% used [0x00000000a0000000,0x00000000a25d4800,0x00000000a7e00000)
 Metaspace       used 66822K, capacity 68874K, committed 69120K, reserved 1110016K
  class space    used 8874K, capacity 9430K, committed 9472K, reserved 1048576K
}
Event: 911.892 GC heap before
{Heap before GC invocations=20 (full 3):
 PSYoungGen      total 228864K, used 225299K [0x00000000e0000000, 0x00000000efe00000, 0x0000000100000000)
  eden space 209920K, 100% used [0x00000000e0000000,0x00000000ecd00000,0x00000000ecd00000)
  from space 18944K, 81% used [0x00000000ee100000,0x00000000ef004ee8,0x00000000ef380000)
  to   space 20480K, 0% used [0x00000000ecd00000,0x00000000ecd00000,0x00000000ee100000)
 ParOldGen       total 129024K, used 38738K [0x00000000a0000000, 0x00000000a7e00000, 0x00000000e0000000)
  object space 129024K, 30% used [0x00000000a0000000,0x00000000a25d4800,0x00000000a7e00000)
 Metaspace       used 70257K, capacity 72334K, committed 72576K, reserved 1112064K
  class space    used 9274K, capacity 9802K, committed 9856K, reserved 1048576K
Event: 911.910 GC heap after
Heap after GC invocations=20 (full 3):
 PSYoungGen      total 230400K, used 13821K [0x00000000e0000000, 0x00000000f1080000, 0x0000000100000000)
  eden space 209920K, 0% used [0x00000000e0000000,0x00000000e0000000,0x00000000ecd00000)
  from space 20480K, 67% used [0x00000000ecd00000,0x00000000eda7f588,0x00000000ee100000)
  to   space 20480K, 0% used [0x00000000efc80000,0x00000000efc80000,0x00000000f1080000)
 ParOldGen       total 129024K, used 38746K [0x00000000a0000000, 0x00000000a7e00000, 0x00000000e0000000)
  object space 129024K, 30% used [0x00000000a0000000,0x00000000a25d6800,0x00000000a7e00000)
 Metaspace       used 70257K, capacity 72334K, committed 72576K, reserved 1112064K
  class space    used 9274K, capacity 9802K, committed 9856K, reserved 1048576K
}
Event: 932.933 GC heap before
{Heap before GC invocations=21 (full 3):
 PSYoungGen      total 230400K, used 223741K [0x00000000e0000000, 0x00000000f1080000, 0x0000000100000000)
  eden space 209920K, 100% used [0x00000000e0000000,0x00000000ecd00000,0x00000000ecd00000)
  from space 20480K, 67% used [0x00000000ecd00000,0x00000000eda7f588,0x00000000ee100000)
  to   space 20480K, 0% used [0x00000000efc80000,0x00000000efc80000,0x00000000f1080000)
 ParOldGen       total 129024K, used 38746K [0x00000000a0000000, 0x00000000a7e00000, 0x00000000e0000000)
  object space 129024K, 30% used [0x00000000a0000000,0x00000000a25d6800,0x00000000a7e00000)
 Metaspace       used 75266K, capacity 77384K, committed 77440K, reserved 1116160K
  class space    used 9834K, capacity 10355K, committed 10368K, reserved 1048576K
Event: 932.994 GC heap after
Heap after GC invocations=21 (full 3):
 PSYoungGen      total 238080K, used 20473K [0x00000000e0000000, 0x00000000f3500000, 0x0000000100000000)
  eden space 217600K, 0% used [0x00000000e0000000,0x00000000e0000000,0x00000000ed480000)
  from space 20480K, 99% used [0x00000000efc80000,0x00000000f107e410,0x00000000f1080000)
  to   space 40960K, 0% used [0x00000000ed480000,0x00000000ed480000,0x00000000efc80000)
 ParOldGen       total 129024K, used 87112K [0x00000000a0000000, 0x00000000a7e00000, 0x00000000e0000000)
  object space 129024K, 67% used [0x00000000a0000000,0x00000000a5512018,0x00000000a7e00000)
 Metaspace       used 75266K, capacity 77384K, committed 77440K, reserved 1116160K
  class space    used 9834K, capacity 10355K, committed 10368K, reserved 1048576K
}
Event: 934.113 GC heap before
{Heap before GC invocations=22 (full 3):
 PSYoungGen      total 238080K, used 238073K [0x00000000e0000000, 0x00000000f3500000, 0x0000000100000000)
  eden space 217600K, 100% used [0x00000000e0000000,0x00000000ed480000,0x00000000ed480000)
  from space 20480K, 99% used [0x00000000efc80000,0x00000000f107e410,0x00000000f1080000)
  to   space 40960K, 0% used [0x00000000ed480000,0x00000000ed480000,0x00000000efc80000)
 ParOldGen       total 129024K, used 87112K [0x00000000a0000000, 0x00000000a7e00000, 0x00000000e0000000)
  object space 129024K, 67% used [0x00000000a0000000,0x00000000a5512018,0x00000000a7e00000)
 Metaspace       used 79392K, capacity 81500K, committed 81792K, reserved 1120256K
  class space    used 10290K, capacity 10849K, committed 10880K, reserved 1048576K
Event: 934.194 GC heap after
Heap after GC invocations=22 (full 3):
 PSYoungGen      total 258560K, used 40943K [0x00000000e0000000, 0x00000000f8000000, 0x0000000100000000)
  eden space 217600K, 0% used [0x00000000e0000000,0x00000000e0000000,0x00000000ed480000)
  from space 40960K, 99% used [0x00000000ed480000,0x00000000efc7bd68,0x00000000efc80000)
  to   space 65536K, 0% used [0x00000000f4000000,0x00000000f4000000,0x00000000f8000000)
 ParOldGen       total 134656K, used 134634K [0x00000000a0000000, 0x00000000a8380000, 0x00000000e0000000)
  object space 134656K, 99% used [0x00000000a0000000,0x00000000a837aa20,0x00000000a8380000)
 Metaspace       used 79392K, capacity 81500K, committed 81792K, reserved 1120256K
  class space    used 10290K, capacity 10849K, committed 10880K, reserved 1048576K
}
Event: 934.194 GC heap before
{Heap before GC invocations=23 (full 4):
 PSYoungGen      total 258560K, used 40943K [0x00000000e0000000, 0x00000000f8000000, 0x0000000100000000)
  eden space 217600K, 0% used [0x00000000e0000000,0x00000000e0000000,0x00000000ed480000)
  from space 40960K, 99% used [0x00000000ed480000,0x00000000efc7bd68,0x00000000efc80000)
  to   space 65536K, 0% used [0x00000000f4000000,0x00000000f4000000,0x00000000f8000000)
 ParOldGen       total 134656K, used 134634K [0x00000000a0000000, 0x00000000a8380000, 0x00000000e0000000)
  object space 134656K, 99% used [0x00000000a0000000,0x00000000a837aa20,0x00000000a8380000)
 Metaspace       used 79392K, capacity 81500K, committed 81792K, reserved 1120256K
  class space    used 10290K, capacity 10849K, committed 10880K, reserved 1048576K
Event: 934.777 GC heap after
Heap after GC invocations=23 (full 4):
 PSYoungGen      total 258560K, used 28337K [0x00000000e0000000, 0x00000000f8000000, 0x0000000100000000)
  eden space 217600K, 0% used [0x00000000e0000000,0x00000000e0000000,0x00000000ed480000)
  from space 40960K, 69% used [0x00000000ed480000,0x00000000ef02c400,0x00000000efc80000)
  to   space 65536K, 0% used [0x00000000f4000000,0x00000000f4000000,0x00000000f8000000)
 ParOldGen       total 134656K, used 134240K [0x00000000a0000000, 0x00000000a8380000, 0x00000000e0000000)
  object space 134656K, 99% used [0x00000000a0000000,0x00000000a83183b8,0x00000000a8380000)
 Metaspace       used 79392K, capacity 81500K, committed 81792K, reserved 1120256K
  class space    used 10290K, capacity 10849K, committed 10880K, reserved 1048576K
}

