# JRE version: Java(TM) SE Runtime Environment (8.0_172-b11) (build 1.8.0_172-b11)
# Java VM: Java HotSpot(TM) 64-Bit Server VM (25.172-b11 mixed mode windows-amd64 compressed oops)
Heap:
 PSYoungGen      total 240640K, used 35083K [0x00000000e0000000, 0x00000000f6a80000, 0x0000000100000000)
  eden space 218624K, 7% used [0x00000000e0000000,0x00000000e1108110,0x00000000ed580000)
  from space 22016K, 80% used [0x00000000ed580000,0x00000000ee6bab18,0x00000000eeb00000)
  to   space 24064K, 0% used [0x00000000f5300000,0x00000000f5300000,0x00000000f6a80000)
 ParOldGen       total 103424K, used 34100K [0x00000000a0000000, 0x00000000a6500000, 0x00000000e0000000)
  object space 103424K, 32% used [0x00000000a0000000,0x00000000a214d278,0x00000000a6500000)
 Metaspace       used 68401K, capacity 71010K, committed 71168K, reserved 1110016K
  class space    used 9344K, capacity 9949K, committed 9984K, reserved 1048576K
GC Heap History (10 events):
Event: 7.451 GC heap before
{Heap before GC invocations=12 (full 2):
 PSYoungGen      total 129024K, used 117760K [0x00000000e0000000, 0x00000000ebd80000, 0x0000000100000000)
  eden space 117760K, 100% used [0x00000000e0000000,0x00000000e7300000,0x00000000e7300000)
  from space 11264K, 0% used [0x00000000e7300000,0x00000000e7300000,0x00000000e7e00000)
  to   space 12800K, 0% used [0x00000000eb100000,0x00000000eb100000,0x00000000ebd80000)
 ParOldGen       total 77824K, used 19494K [0x00000000a0000000, 0x00000000a4c00000, 0x00000000e0000000)
  object space 77824K, 25% used [0x00000000a0000000,0x00000000a1309820,0x00000000a4c00000)
 Metaspace       used 45060K, capacity 46046K, committed 46336K, reserved 1089536K
  class space    used 6285K, capacity 6591K, committed 6656K, reserved 1048576K
Event: 7.465 GC heap after
Heap after GC invocations=12 (full 2):
 PSYoungGen      total 174592K, used 12781K [0x00000000e0000000, 0x00000000ebd80000, 0x0000000100000000)
  eden space 161792K, 0% used [0x00000000e0000000,0x00000000e0000000,0x00000000e9e00000)
  from space 12800K, 99% used [0x00000000eb100000,0x00000000ebd7b418,0x00000000ebd80000)
  to   space 15872K, 0% used [0x00000000e9e80000,0x00000000e9e80000,0x00000000eae00000)
 ParOldGen       total 77824K, used 23323K [0x00000000a0000000, 0x00000000a4c00000, 0x00000000e0000000)
  object space 77824K, 29% used [0x00000000a0000000,0x00000000a16c6fc0,0x00000000a4c00000)
 Metaspace       used 45060K, capacity 46046K, committed 46336K, reserved 1089536K
  class space    used 6285K, capacity 6591K, committed 6656K, reserved 1048576K
}
Event: 9.266 GC heap before
{Heap before GC invocations=13 (full 2):
 PSYoungGen      total 174592K, used 174573K [0x00000000e0000000, 0x00000000ebd80000, 0x0000000100000000)
  eden space 161792K, 100% used [0x00000000e0000000,0x00000000e9e00000,0x00000000e9e00000)
  from space 12800K, 99% used [0x00000000eb100000,0x00000000ebd7b418,0x00000000ebd80000)
  to   space 15872K, 0% used [0x00000000e9e80000,0x00000000e9e80000,0x00000000eae00000)
 ParOldGen       total 77824K, used 23323K [0x00000000a0000000, 0x00000000a4c00000, 0x00000000e0000000)
  object space 77824K, 29% used [0x00000000a0000000,0x00000000a16c6fc0,0x00000000a4c00000)
 Metaspace       used 57318K, capacity 58992K, committed 59096K, reserved 1099776K
  class space    used 8020K, capacity 8483K, committed 8576K, reserved 1048576K
Event: 9.286 GC heap after
Heap after GC invocations=13 (full 2):
 PSYoungGen      total 178176K, used 15850K [0x00000000e0000000, 0x00000000f0000000, 0x0000000100000000)
  eden space 162304K, 0% used [0x00000000e0000000,0x00000000e0000000,0x00000000e9e80000)
  from space 15872K, 99% used [0x00000000e9e80000,0x00000000eadfabd0,0x00000000eae00000)
  to   space 21504K, 0% used [0x00000000eeb00000,0x00000000eeb00000,0x00000000f0000000)
 ParOldGen       total 77824K, used 33624K [0x00000000a0000000, 0x00000000a4c00000, 0x00000000e0000000)
  object space 77824K, 43% used [0x00000000a0000000,0x00000000a20d6288,0x00000000a4c00000)
 Metaspace       used 57318K, capacity 58992K, committed 59096K, reserved 1099776K
  class space    used 8020K, capacity 8483K, committed 8576K, reserved 1048576K
}
Event: 9.296 GC heap before
{Heap before GC invocations=14 (full 2):
 PSYoungGen      total 178176K, used 18957K [0x00000000e0000000, 0x00000000f0000000, 0x0000000100000000)
  eden space 162304K, 1% used [0x00000000e0000000,0x00000000e0308a20,0x00000000e9e80000)
  from space 15872K, 99% used [0x00000000e9e80000,0x00000000eadfabd0,0x00000000eae00000)
  to   space 21504K, 0% used [0x00000000eeb00000,0x00000000eeb00000,0x00000000f0000000)
 ParOldGen       total 77824K, used 33624K [0x00000000a0000000, 0x00000000a4c00000, 0x00000000e0000000)
  object space 77824K, 43% used [0x00000000a0000000,0x00000000a20d6288,0x00000000a4c00000)
 Metaspace       used 57345K, capacity 58992K, committed 59096K, reserved 1099776K
  class space    used 8023K, capacity 8483K, committed 8576K, reserved 1048576K
Event: 9.303 GC heap after
Heap after GC invocations=14 (full 2):
 PSYoungGen      total 240128K, used 192K [0x00000000e0000000, 0x00000000f1f80000, 0x0000000100000000)
  eden space 218624K, 0% used [0x00000000e0000000,0x00000000e0000000,0x00000000ed580000)
  from space 21504K, 0% used [0x00000000eeb00000,0x00000000eeb30000,0x00000000f0000000)
  to   space 22016K, 0% used [0x00000000ed580000,0x00000000ed580000,0x00000000eeb00000)
 ParOldGen       total 77824K, used 42075K [0x00000000a0000000, 0x00000000a4c00000, 0x00000000e0000000)
  object space 77824K, 54% used [0x00000000a0000000,0x00000000a2916db0,0x00000000a4c00000)
 Metaspace       used 57345K, capacity 58992K, committed 59096K, reserved 1099776K
  class space    used 8023K, capacity 8483K, committed 8576K, reserved 1048576K
}
Event: 9.303 GC heap before
{Heap before GC invocations=15 (full 3):
 PSYoungGen      total 240128K, used 192K [0x00000000e0000000, 0x00000000f1f80000, 0x0000000100000000)
  eden space 218624K, 0% used [0x00000000e0000000,0x00000000e0000000,0x00000000ed580000)
  from space 21504K, 0% used [0x00000000eeb00000,0x00000000eeb30000,0x00000000f0000000)
  to   space 22016K, 0% used [0x00000000ed580000,0x00000000ed580000,0x00000000eeb00000)
 ParOldGen       total 77824K, used 42075K [0x00000000a0000000, 0x00000000a4c00000, 0x00000000e0000000)
  object space 77824K, 54% used [0x00000000a0000000,0x00000000a2916db0,0x00000000a4c00000)
 Metaspace       used 57345K, capacity 58992K, committed 59096K, reserved 1099776K
  class space    used 8023K, capacity 8483K, committed 8576K, reserved 1048576K
Event: 9.452 GC heap after
Heap after GC invocations=15 (full 3):
 PSYoungGen      total 240128K, used 0K [0x00000000e0000000, 0x00000000f1f80000, 0x0000000100000000)
  eden space 218624K, 0% used [0x00000000e0000000,0x00000000e0000000,0x00000000ed580000)
  from space 21504K, 0% used [0x00000000eeb00000,0x00000000eeb00000,0x00000000f0000000)
  to   space 22016K, 0% used [0x00000000ed580000,0x00000000ed580000,0x00000000eeb00000)
 ParOldGen       total 103424K, used 34092K [0x00000000a0000000, 0x00000000a6500000, 0x00000000e0000000)
  object space 103424K, 32% used [0x00000000a0000000,0x00000000a214b278,0x00000000a6500000)
 Metaspace       used 57345K, capacity 58992K, committed 59096K, reserved 1099776K
  class space    used 8023K, capacity 8483K, committed 8576K, reserved 1048576K
}
Event: 464.829 GC heap before
{Heap before GC invocations=16 (full 3):
 PSYoungGen      total 240128K, used 218624K [0x00000000e0000000, 0x00000000f1f80000, 0x0000000100000000)
  eden space 218624K, 100% used [0x00000000e0000000,0x00000000ed580000,0x00000000ed580000)
  from space 21504K, 0% used [0x00000000eeb00000,0x00000000eeb00000,0x00000000f0000000)
  to   space 22016K, 0% used [0x00000000ed580000,0x00000000ed580000,0x00000000eeb00000)
 ParOldGen       total 103424K, used 34092K [0x00000000a0000000, 0x00000000a6500000, 0x00000000e0000000)
  object space 103424K, 32% used [0x00000000a0000000,0x00000000a214b278,0x00000000a6500000)
 Metaspace       used 68168K, capacity 70690K, committed 70912K, reserved 1110016K
  class space    used 9315K, capacity 9897K, committed 9984K, reserved 1048576K
Event: 464.845 GC heap after
Heap after GC invocations=16 (full 3):
 PSYoungGen      total 240640K, used 17642K [0x00000000e0000000, 0x00000000f6a80000, 0x0000000100000000)
  eden space 218624K, 0% used [0x00000000e0000000,0x00000000e0000000,0x00000000ed580000)
  from space 22016K, 80% used [0x00000000ed580000,0x00000000ee6bab18,0x00000000eeb00000)
  to   space 24064K, 0% used [0x00000000f5300000,0x00000000f5300000,0x00000000f6a80000)
 ParOldGen       total 103424K, used 34100K [0x00000000a0000000, 0x00000000a6500000, 0x00000000e0000000)
  object space 103424K, 32% used [0x00000000a0000000,0x00000000a214d278,0x00000000a6500000)
 Metaspace       used 68168K, capacity 70690K, committed 70912K, reserved 1110016K
  class space    used 9315K, capacity 9897K, committed 9984K, reserved 1048576K
}

