# JRE version: Java(TM) SE Runtime Environment (8.0_172-b11) (build 1.8.0_172-b11)
# Java VM: Java HotSpot(TM) 64-Bit Server VM (25.172-b11 mixed mode windows-amd64 compressed oops)
Heap:
 PSYoungGen      total 248832K, used 65977K [0x00000000e0000000, 0x00000000f7b80000, 0x0000000100000000)
  eden space 221184K, 29% used [0x00000000e0000000,0x00000000e406e678,0x00000000ed800000)
  from space 27648K, 0% used [0x00000000f1500000,0x00000000f1500000,0x00000000f3000000)
  to   space 62464K, 0% used [0x00000000ed800000,0x00000000ed800000,0x00000000f1500000)
 ParOldGen       total 132096K, used 128300K [0x00000000a0000000, 0x00000000a8100000, 0x00000000e0000000)
  object space 132096K, 97% used [0x00000000a0000000,0x00000000a7d4b110,0x00000000a8100000)
 Metaspace       used 81769K, capacity 84554K, committed 84864K, reserved 1122304K
  class space    used 10858K, capacity 11537K, committed 11648K, reserved 1048576K
GC Heap History (10 events):
Event: 11.597 GC heap before
{Heap before GC invocations=15 (full 3):
 PSYoungGen      total 184832K, used 168960K [0x00000000e0000000, 0x00000000f0580000, 0x0000000100000000)
  eden space 168960K, 100% used [0x00000000e0000000,0x00000000ea500000,0x00000000ea500000)
  from space 15872K, 0% used [0x00000000ea500000,0x00000000ea500000,0x00000000eb480000)
  to   space 21504K, 0% used [0x00000000ef080000,0x00000000ef080000,0x00000000f0580000)
 ParOldGen       total 119808K, used 41816K [0x00000000a0000000, 0x00000000a7500000, 0x00000000e0000000)
  object space 119808K, 34% used [0x00000000a0000000,0x00000000a28d6008,0x00000000a7500000)
 Metaspace       used 64226K, capacity 66366K, committed 66688K, reserved 1105920K
  class space    used 8974K, capacity 9511K, committed 9600K, reserved 1048576K
Event: 11.611 GC heap after
Heap after GC invocations=15 (full 3):
 PSYoungGen      total 225792K, used 13889K [0x00000000e0000000, 0x00000000efe80000, 0x0000000100000000)
  eden space 211456K, 0% used [0x00000000e0000000,0x00000000e0000000,0x00000000ece80000)
  from space 14336K, 96% used [0x00000000ef080000,0x00000000efe10510,0x00000000efe80000)
  to   space 22016K, 0% used [0x00000000ed380000,0x00000000ed380000,0x00000000ee900000)
 ParOldGen       total 119808K, used 41824K [0x00000000a0000000, 0x00000000a7500000, 0x00000000e0000000)
  object space 119808K, 34% used [0x00000000a0000000,0x00000000a28d8008,0x00000000a7500000)
 Metaspace       used 64226K, capacity 66366K, committed 66688K, reserved 1105920K
  class space    used 8974K, capacity 9511K, committed 9600K, reserved 1048576K
}
Event: 224.287 GC heap before
{Heap before GC invocations=16 (full 3):
 PSYoungGen      total 225792K, used 225345K [0x00000000e0000000, 0x00000000efe80000, 0x0000000100000000)
  eden space 211456K, 100% used [0x00000000e0000000,0x00000000ece80000,0x00000000ece80000)
  from space 14336K, 96% used [0x00000000ef080000,0x00000000efe10510,0x00000000efe80000)
  to   space 22016K, 0% used [0x00000000ed380000,0x00000000ed380000,0x00000000ee900000)
 ParOldGen       total 119808K, used 41824K [0x00000000a0000000, 0x00000000a7500000, 0x00000000e0000000)
  object space 119808K, 34% used [0x00000000a0000000,0x00000000a28d8008,0x00000000a7500000)
 Metaspace       used 75292K, capacity 77942K, committed 78336K, reserved 1116160K
  class space    used 10274K, capacity 10915K, committed 11008K, reserved 1048576K
Event: 224.320 GC heap after
Heap after GC invocations=16 (full 3):
 PSYoungGen      total 238592K, used 21994K [0x00000000e0000000, 0x00000000f3000000, 0x0000000100000000)
  eden space 216576K, 0% used [0x00000000e0000000,0x00000000e0000000,0x00000000ed380000)
  from space 22016K, 99% used [0x00000000ed380000,0x00000000ee8fa9b8,0x00000000ee900000)
  to   space 27648K, 0% used [0x00000000f1500000,0x00000000f1500000,0x00000000f3000000)
 ParOldGen       total 119808K, used 49907K [0x00000000a0000000, 0x00000000a7500000, 0x00000000e0000000)
  object space 119808K, 41% used [0x00000000a0000000,0x00000000a30bcea8,0x00000000a7500000)
 Metaspace       used 75292K, capacity 77942K, committed 78336K, reserved 1116160K
  class space    used 10274K, capacity 10915K, committed 11008K, reserved 1048576K
}
Event: 230.972 GC heap before
{Heap before GC invocations=17 (full 3):
 PSYoungGen      total 238592K, used 238570K [0x00000000e0000000, 0x00000000f3000000, 0x0000000100000000)
  eden space 216576K, 100% used [0x00000000e0000000,0x00000000ed380000,0x00000000ed380000)
  from space 22016K, 99% used [0x00000000ed380000,0x00000000ee8fa9b8,0x00000000ee900000)
  to   space 27648K, 0% used [0x00000000f1500000,0x00000000f1500000,0x00000000f3000000)
 ParOldGen       total 119808K, used 49907K [0x00000000a0000000, 0x00000000a7500000, 0x00000000e0000000)
  object space 119808K, 41% used [0x00000000a0000000,0x00000000a30bcea8,0x00000000a7500000)
 Metaspace       used 80293K, capacity 83114K, committed 83456K, reserved 1122304K
  class space    used 10776K, capacity 11441K, committed 11520K, reserved 1048576K
Event: 231.086 GC heap after
Heap after GC invocations=17 (full 3):
 PSYoungGen      total 248832K, used 27646K [0x00000000e0000000, 0x00000000f7b80000, 0x0000000100000000)
  eden space 221184K, 0% used [0x00000000e0000000,0x00000000e0000000,0x00000000ed800000)
  from space 27648K, 99% used [0x00000000f1500000,0x00000000f2fffb20,0x00000000f3000000)
  to   space 62464K, 0% used [0x00000000ed800000,0x00000000ed800000,0x00000000f1500000)
 ParOldGen       total 132096K, used 132034K [0x00000000a0000000, 0x00000000a8100000, 0x00000000e0000000)
  object space 132096K, 99% used [0x00000000a0000000,0x00000000a80f0b80,0x00000000a8100000)
 Metaspace       used 80293K, capacity 83114K, committed 83456K, reserved 1122304K
  class space    used 10776K, capacity 11441K, committed 11520K, reserved 1048576K
}
Event: 231.086 GC heap before
{Heap before GC invocations=18 (full 4):
 PSYoungGen      total 248832K, used 27646K [0x00000000e0000000, 0x00000000f7b80000, 0x0000000100000000)
  eden space 221184K, 0% used [0x00000000e0000000,0x00000000e0000000,0x00000000ed800000)
  from space 27648K, 99% used [0x00000000f1500000,0x00000000f2fffb20,0x00000000f3000000)
  to   space 62464K, 0% used [0x00000000ed800000,0x00000000ed800000,0x00000000f1500000)
 ParOldGen       total 132096K, used 132034K [0x00000000a0000000, 0x00000000a8100000, 0x00000000e0000000)
  object space 132096K, 99% used [0x00000000a0000000,0x00000000a80f0b80,0x00000000a8100000)
 Metaspace       used 80293K, capacity 83114K, committed 83456K, reserved 1122304K
  class space    used 10776K, capacity 11441K, committed 11520K, reserved 1048576K
Event: 231.512 GC heap after
Heap after GC invocations=18 (full 4):
 PSYoungGen      total 248832K, used 7079K [0x00000000e0000000, 0x00000000f7b80000, 0x0000000100000000)
  eden space 221184K, 0% used [0x00000000e0000000,0x00000000e0000000,0x00000000ed800000)
  from space 27648K, 25% used [0x00000000f1500000,0x00000000f1be9cc0,0x00000000f3000000)
  to   space 62464K, 0% used [0x00000000ed800000,0x00000000ed800000,0x00000000f1500000)
 ParOldGen       total 132096K, used 131718K [0x00000000a0000000, 0x00000000a8100000, 0x00000000e0000000)
  object space 132096K, 99% used [0x00000000a0000000,0x00000000a80a19a0,0x00000000a8100000)
 Metaspace       used 80293K, capacity 83114K, committed 83456K, reserved 1122304K
  class space    used 10776K, capacity 11441K, committed 11520K, reserved 1048576K
}
Event: 233.954 GC heap before
{Heap before GC invocations=19 (full 5):
 PSYoungGen      total 248832K, used 228263K [0x00000000e0000000, 0x00000000f7b80000, 0x0000000100000000)
  eden space 221184K, 100% used [0x00000000e0000000,0x00000000ed800000,0x00000000ed800000)
  from space 27648K, 25% used [0x00000000f1500000,0x00000000f1be9cc0,0x00000000f3000000)
  to   space 62464K, 0% used [0x00000000ed800000,0x00000000ed800000,0x00000000f1500000)
 ParOldGen       total 132096K, used 131718K [0x00000000a0000000, 0x00000000a8100000, 0x00000000e0000000)
  object space 132096K, 99% used [0x00000000a0000000,0x00000000a80a19a0,0x00000000a8100000)
 Metaspace       used 81275K, capacity 84010K, committed 84224K, reserved 1122304K
  class space    used 10852K, capacity 11505K, committed 11520K, reserved 1048576K
Event: 234.307 GC heap after
Heap after GC invocations=19 (full 5):
 PSYoungGen      total 248832K, used 0K [0x00000000e0000000, 0x00000000f7b80000, 0x0000000100000000)
  eden space 221184K, 0% used [0x00000000e0000000,0x00000000e0000000,0x00000000ed800000)
  from space 27648K, 0% used [0x00000000f1500000,0x00000000f1500000,0x00000000f3000000)
  to   space 62464K, 0% used [0x00000000ed800000,0x00000000ed800000,0x00000000f1500000)
 ParOldGen       total 132096K, used 128300K [0x00000000a0000000, 0x00000000a8100000, 0x00000000e0000000)
  object space 132096K, 97% used [0x00000000a0000000,0x00000000a7d4b110,0x00000000a8100000)
 Metaspace       used 81275K, capacity 84010K, committed 84224K, reserved 1122304K
  class space    used 10852K, capacity 11505K, committed 11520K, reserved 1048576K
}

