# JRE version: Java(TM) SE Runtime Environment (8.0_172-b11) (build 1.8.0_172-b11)
# Java VM: Java HotSpot(TM) 64-Bit Server VM (25.172-b11 mixed mode windows-amd64 compressed oops)
Heap:
 PSYoungGen      total 368128K, used 103262K [0x00000000e0000000, 0x0000000100000000, 0x0000000100000000)
  eden space 227328K, 41% used [0x00000000e0000000,0x00000000e5b4a438,0x00000000ede00000)
  from space 140800K, 6% used [0x00000000ede00000,0x00000000ee78d6c8,0x00000000f6780000)
  to   space 136704K, 0% used [0x00000000f7a80000,0x00000000f7a80000,0x0000000100000000)
 ParOldGen       total 388096K, used 279689K [0x00000000a0000000, 0x00000000b7b00000, 0x00000000e0000000)
  object space 388096K, 72% used [0x00000000a0000000,0x00000000b1122648,0x00000000b7b00000)
 Metaspace       used 100332K, capacity 104574K, committed 105048K, reserved 1140736K
  class space    used 12718K, capacity 13606K, committed 13952K, reserved 1048576K
GC Heap History (10 events):
Event: 4132.088 GC heap before
{Heap before GC invocations=55 (full 8):
 PSYoungGen      total 373760K, used 244375K [0x00000000e0000000, 0x00000000ff500000, 0x0000000100000000)
  eden space 234496K, 100% used [0x00000000e0000000,0x00000000ee500000,0x00000000ee500000)
  from space 139264K, 7% used [0x00000000f6d00000,0x00000000f76a5c40,0x00000000ff500000)
  to   space 139264K, 0% used [0x00000000ee500000,0x00000000ee500000,0x00000000f6d00000)
 ParOldGen       total 388096K, used 164388K [0x00000000a0000000, 0x00000000b7b00000, 0x00000000e0000000)
  object space 388096K, 42% used [0x00000000a0000000,0x00000000aa089300,0x00000000b7b00000)
 Metaspace       used 97436K, capacity 101608K, committed 104024K, reserved 1138688K
  class space    used 12446K, capacity 13305K, committed 13952K, reserved 1048576K
Event: 4132.117 GC heap after
Heap after GC invocations=55 (full 8):
 PSYoungGen      total 373760K, used 28677K [0x00000000e0000000, 0x00000000ff100000, 0x0000000100000000)
  eden space 234496K, 0% used [0x00000000e0000000,0x00000000e0000000,0x00000000ee500000)
  from space 139264K, 20% used [0x00000000ee500000,0x00000000f01016f8,0x00000000f6d00000)
  to   space 131584K, 0% used [0x00000000f7080000,0x00000000f7080000,0x00000000ff100000)
 ParOldGen       total 388096K, used 168331K [0x00000000a0000000, 0x00000000b7b00000, 0x00000000e0000000)
  object space 388096K, 43% used [0x00000000a0000000,0x00000000aa462e08,0x00000000b7b00000)
 Metaspace       used 97436K, capacity 101608K, committed 104024K, reserved 1138688K
  class space    used 12446K, capacity 13305K, committed 13952K, reserved 1048576K
}
Event: 4133.474 GC heap before
{Heap before GC invocations=56 (full 8):
 PSYoungGen      total 373760K, used 263173K [0x00000000e0000000, 0x00000000ff100000, 0x0000000100000000)
  eden space 234496K, 100% used [0x00000000e0000000,0x00000000ee500000,0x00000000ee500000)
  from space 139264K, 20% used [0x00000000ee500000,0x00000000f01016f8,0x00000000f6d00000)
  to   space 131584K, 0% used [0x00000000f7080000,0x00000000f7080000,0x00000000ff100000)
 ParOldGen       total 388096K, used 168331K [0x00000000a0000000, 0x00000000b7b00000, 0x00000000e0000000)
  object space 388096K, 43% used [0x00000000a0000000,0x00000000aa462e08,0x00000000b7b00000)
 Metaspace       used 99981K, capacity 104242K, committed 104792K, reserved 1140736K
  class space    used 12713K, capacity 13604K, committed 13952K, reserved 1048576K
Event: 4133.543 GC heap after
Heap after GC invocations=56 (full 8):
 PSYoungGen      total 350720K, used 121338K [0x00000000e0000000, 0x0000000100000000, 0x0000000100000000)
  eden space 219136K, 0% used [0x00000000e0000000,0x00000000e0000000,0x00000000ed600000)
  from space 131584K, 92% used [0x00000000f7080000,0x00000000fe6feac8,0x00000000ff100000)
  to   space 152576K, 0% used [0x00000000ed600000,0x00000000ed600000,0x00000000f6b00000)
 ParOldGen       total 388096K, used 190277K [0x00000000a0000000, 0x00000000b7b00000, 0x00000000e0000000)
  object space 388096K, 49% used [0x00000000a0000000,0x00000000ab9d1610,0x00000000b7b00000)
 Metaspace       used 99981K, capacity 104242K, committed 104792K, reserved 1140736K
  class space    used 12713K, capacity 13604K, committed 13952K, reserved 1048576K
}
Event: 4134.434 GC heap before
{Heap before GC invocations=57 (full 8):
 PSYoungGen      total 350720K, used 340474K [0x00000000e0000000, 0x0000000100000000, 0x0000000100000000)
  eden space 219136K, 100% used [0x00000000e0000000,0x00000000ed600000,0x00000000ed600000)
  from space 131584K, 92% used [0x00000000f7080000,0x00000000fe6feac8,0x00000000ff100000)
  to   space 152576K, 0% used [0x00000000ed600000,0x00000000ed600000,0x00000000f6b00000)
 ParOldGen       total 388096K, used 190277K [0x00000000a0000000, 0x00000000b7b00000, 0x00000000e0000000)
  object space 388096K, 49% used [0x00000000a0000000,0x00000000ab9d1610,0x00000000b7b00000)
 Metaspace       used 100041K, capacity 104242K, committed 104792K, reserved 1140736K
  class space    used 12715K, capacity 13604K, committed 13952K, reserved 1048576K
Event: 4134.483 GC heap after
Heap after GC invocations=57 (full 8):
 PSYoungGen      total 371712K, used 36872K [0x00000000e0000000, 0x0000000100000000, 0x0000000100000000)
  eden space 219136K, 0% used [0x00000000e0000000,0x00000000e0000000,0x00000000ed600000)
  from space 152576K, 24% used [0x00000000ed600000,0x00000000efa022b0,0x00000000f6b00000)
  to   space 144384K, 0% used [0x00000000f7300000,0x00000000f7300000,0x0000000100000000)
 ParOldGen       total 388096K, used 234480K [0x00000000a0000000, 0x00000000b7b00000, 0x00000000e0000000)
  object space 388096K, 60% used [0x00000000a0000000,0x00000000ae4fc318,0x00000000b7b00000)
 Metaspace       used 100041K, capacity 104242K, committed 104792K, reserved 1140736K
  class space    used 12715K, capacity 13604K, committed 13952K, reserved 1048576K
}
Event: 4135.274 GC heap before
{Heap before GC invocations=58 (full 8):
 PSYoungGen      total 371712K, used 256008K [0x00000000e0000000, 0x0000000100000000, 0x0000000100000000)
  eden space 219136K, 100% used [0x00000000e0000000,0x00000000ed600000,0x00000000ed600000)
  from space 152576K, 24% used [0x00000000ed600000,0x00000000efa022b0,0x00000000f6b00000)
  to   space 144384K, 0% used [0x00000000f7300000,0x00000000f7300000,0x0000000100000000)
 ParOldGen       total 388096K, used 234480K [0x00000000a0000000, 0x00000000b7b00000, 0x00000000e0000000)
  object space 388096K, 60% used [0x00000000a0000000,0x00000000ae4fc318,0x00000000b7b00000)
 Metaspace       used 100043K, capacity 104242K, committed 104792K, reserved 1140736K
  class space    used 12715K, capacity 13604K, committed 13952K, reserved 1048576K
Event: 4135.303 GC heap after
Heap after GC invocations=58 (full 8):
 PSYoungGen      total 356352K, used 9464K [0x00000000e0000000, 0x00000000ff100000, 0x0000000100000000)
  eden space 227328K, 0% used [0x00000000e0000000,0x00000000e0000000,0x00000000ede00000)
  from space 129024K, 7% used [0x00000000f7300000,0x00000000f7c3e120,0x00000000ff100000)
  to   space 140800K, 0% used [0x00000000ede00000,0x00000000ede00000,0x00000000f6780000)
 ParOldGen       total 388096K, used 270586K [0x00000000a0000000, 0x00000000b7b00000, 0x00000000e0000000)
  object space 388096K, 69% used [0x00000000a0000000,0x00000000b083e968,0x00000000b7b00000)
 Metaspace       used 100043K, capacity 104242K, committed 104792K, reserved 1140736K
  class space    used 12715K, capacity 13604K, committed 13952K, reserved 1048576K
}
Event: 4149.627 GC heap before
{Heap before GC invocations=59 (full 8):
 PSYoungGen      total 356352K, used 235887K [0x00000000e0000000, 0x00000000ff100000, 0x0000000100000000)
  eden space 227328K, 99% used [0x00000000e0000000,0x00000000edd1dd20,0x00000000ede00000)
  from space 129024K, 7% used [0x00000000f7300000,0x00000000f7c3e120,0x00000000ff100000)
  to   space 140800K, 0% used [0x00000000ede00000,0x00000000ede00000,0x00000000f6780000)
 ParOldGen       total 388096K, used 270586K [0x00000000a0000000, 0x00000000b7b00000, 0x00000000e0000000)
  object space 388096K, 69% used [0x00000000a0000000,0x00000000b083e968,0x00000000b7b00000)
 Metaspace       used 100148K, capacity 104434K, committed 105048K, reserved 1140736K
  class space    used 12715K, capacity 13604K, committed 13952K, reserved 1048576K
Event: 4149.642 GC heap after
Heap after GC invocations=59 (full 8):
 PSYoungGen      total 368128K, used 9781K [0x00000000e0000000, 0x0000000100000000, 0x0000000100000000)
  eden space 227328K, 0% used [0x00000000e0000000,0x00000000e0000000,0x00000000ede00000)
  from space 140800K, 6% used [0x00000000ede00000,0x00000000ee78d6c8,0x00000000f6780000)
  to   space 136704K, 0% used [0x00000000f7a80000,0x00000000f7a80000,0x0000000100000000)
 ParOldGen       total 388096K, used 279689K [0x00000000a0000000, 0x00000000b7b00000, 0x00000000e0000000)
  object space 388096K, 72% used [0x00000000a0000000,0x00000000b1122648,0x00000000b7b00000)
 Metaspace       used 100148K, capacity 104434K, committed 105048K, reserved 1140736K
  class space    used 12715K, capacity 13604K, committed 13952K, reserved 1048576K
}

