# JRE version: Java(TM) SE Runtime Environment (8.0_172-b11) (build 1.8.0_172-b11)
# Java VM: Java HotSpot(TM) 64-Bit Server VM (25.172-b11 mixed mode windows-amd64 compressed oops)
Heap:
 PSYoungGen      total 319488K, used 226158K [0x00000000e0000000, 0x00000000f7400000, 0x0000000100000000)
  eden space 258048K, 87% used [0x00000000e0000000,0x00000000edcdb9c0,0x00000000efc00000)
  from space 61440K, 0% used [0x00000000efc00000,0x00000000efc00000,0x00000000f3800000)
  to   space 51712K, 0% used [0x00000000f4180000,0x00000000f4180000,0x00000000f7400000)
 ParOldGen       total 360448K, used 156262K [0x00000000a0000000, 0x00000000b6000000, 0x00000000e0000000)
  object space 360448K, 43% used [0x00000000a0000000,0x00000000a98998e0,0x00000000b6000000)
 Metaspace       used 91829K, capacity 95081K, committed 95320K, reserved 1132544K
  class space    used 12023K, capacity 12821K, committed 12928K, reserved 1048576K
GC Heap History (10 events):
Event: 42.264 GC heap before
{Heap before GC invocations=22 (full 4):
 PSYoungGen      total 254464K, used 205623K [0x00000000e0000000, 0x00000000f5b80000, 0x0000000100000000)
  eden space 188928K, 100% used [0x00000000e0000000,0x00000000eb880000,0x00000000eb880000)
  from space 65536K, 25% used [0x00000000eb880000,0x00000000ec8cdc80,0x00000000ef880000)
  to   space 62464K, 0% used [0x00000000f1e80000,0x00000000f1e80000,0x00000000f5b80000)
 ParOldGen       total 305152K, used 200211K [0x00000000a0000000, 0x00000000b2a00000, 0x00000000e0000000)
  object space 305152K, 65% used [0x00000000a0000000,0x00000000ac384f60,0x00000000b2a00000)
 Metaspace       used 80537K, capacity 82999K, committed 83160K, reserved 1120256K
  class space    used 10839K, capacity 11425K, committed 11520K, reserved 1048576K
Event: 42.332 GC heap after
Heap after GC invocations=22 (full 4):
 PSYoungGen      total 288256K, used 44001K [0x00000000e0000000, 0x00000000f5d80000, 0x0000000100000000)
  eden space 225792K, 0% used [0x00000000e0000000,0x00000000e0000000,0x00000000edc80000)
  from space 62464K, 70% used [0x00000000f1e80000,0x00000000f4978668,0x00000000f5b80000)
  to   space 66048K, 0% used [0x00000000edc80000,0x00000000edc80000,0x00000000f1d00000)
 ParOldGen       total 305152K, used 215092K [0x00000000a0000000, 0x00000000b2a00000, 0x00000000e0000000)
  object space 305152K, 70% used [0x00000000a0000000,0x00000000ad20d0e8,0x00000000b2a00000)
 Metaspace       used 80537K, capacity 82999K, committed 83160K, reserved 1120256K
  class space    used 10839K, capacity 11425K, committed 11520K, reserved 1048576K
}
Event: 45.884 GC heap before
{Heap before GC invocations=23 (full 4):
 PSYoungGen      total 288256K, used 269793K [0x00000000e0000000, 0x00000000f5d80000, 0x0000000100000000)
  eden space 225792K, 100% used [0x00000000e0000000,0x00000000edc80000,0x00000000edc80000)
  from space 62464K, 70% used [0x00000000f1e80000,0x00000000f4978668,0x00000000f5b80000)
  to   space 66048K, 0% used [0x00000000edc80000,0x00000000edc80000,0x00000000f1d00000)
 ParOldGen       total 305152K, used 215092K [0x00000000a0000000, 0x00000000b2a00000, 0x00000000e0000000)
  object space 305152K, 70% used [0x00000000a0000000,0x00000000ad20d0e8,0x00000000b2a00000)
 Metaspace       used 84182K, capacity 86963K, committed 87000K, reserved 1124352K
  class space    used 11357K, capacity 12007K, committed 12032K, reserved 1048576K
Event: 45.898 GC heap after
Heap after GC invocations=23 (full 4):
 PSYoungGen      total 291840K, used 8197K [0x00000000e0000000, 0x00000000f8100000, 0x0000000100000000)
  eden space 225792K, 0% used [0x00000000e0000000,0x00000000e0000000,0x00000000edc80000)
  from space 66048K, 12% used [0x00000000edc80000,0x00000000ee4814a8,0x00000000f1d00000)
  to   space 65024K, 0% used [0x00000000f4180000,0x00000000f4180000,0x00000000f8100000)
 ParOldGen       total 305152K, used 218956K [0x00000000a0000000, 0x00000000b2a00000, 0x00000000e0000000)
  object space 305152K, 71% used [0x00000000a0000000,0x00000000ad5d3380,0x00000000b2a00000)
 Metaspace       used 84182K, capacity 86963K, committed 87000K, reserved 1124352K
  class space    used 11357K, capacity 12007K, committed 12032K, reserved 1048576K
}
Event: 339.351 GC heap before
{Heap before GC invocations=24 (full 4):
 PSYoungGen      total 291840K, used 233989K [0x00000000e0000000, 0x00000000f8100000, 0x0000000100000000)
  eden space 225792K, 100% used [0x00000000e0000000,0x00000000edc80000,0x00000000edc80000)
  from space 66048K, 12% used [0x00000000edc80000,0x00000000ee4814a8,0x00000000f1d00000)
  to   space 65024K, 0% used [0x00000000f4180000,0x00000000f4180000,0x00000000f8100000)
 ParOldGen       total 305152K, used 218956K [0x00000000a0000000, 0x00000000b2a00000, 0x00000000e0000000)
  object space 305152K, 71% used [0x00000000a0000000,0x00000000ad5d3380,0x00000000b2a00000)
 Metaspace       used 88991K, capacity 92199K, committed 92376K, reserved 1128448K
  class space    used 11747K, capacity 12508K, committed 12544K, reserved 1048576K
Event: 339.392 GC heap after
Heap after GC invocations=24 (full 4):
 PSYoungGen      total 309760K, used 20400K [0x00000000e0000000, 0x00000000f7400000, 0x0000000100000000)
  eden space 258048K, 0% used [0x00000000e0000000,0x00000000e0000000,0x00000000efc00000)
  from space 51712K, 39% used [0x00000000f4180000,0x00000000f556c200,0x00000000f7400000)
  to   space 61440K, 0% used [0x00000000efc00000,0x00000000efc00000,0x00000000f3800000)
 ParOldGen       total 305152K, used 218964K [0x00000000a0000000, 0x00000000b2a00000, 0x00000000e0000000)
  object space 305152K, 71% used [0x00000000a0000000,0x00000000ad5d5380,0x00000000b2a00000)
 Metaspace       used 88991K, capacity 92199K, committed 92376K, reserved 1128448K
  class space    used 11747K, capacity 12508K, committed 12544K, reserved 1048576K
}
Event: 341.300 GC heap before
{Heap before GC invocations=25 (full 4):
 PSYoungGen      total 309760K, used 278448K [0x00000000e0000000, 0x00000000f7400000, 0x0000000100000000)
  eden space 258048K, 100% used [0x00000000e0000000,0x00000000efc00000,0x00000000efc00000)
  from space 51712K, 39% used [0x00000000f4180000,0x00000000f556c200,0x00000000f7400000)
  to   space 61440K, 0% used [0x00000000efc00000,0x00000000efc00000,0x00000000f3800000)
 ParOldGen       total 305152K, used 218964K [0x00000000a0000000, 0x00000000b2a00000, 0x00000000e0000000)
  object space 305152K, 71% used [0x00000000a0000000,0x00000000ad5d5380,0x00000000b2a00000)
 Metaspace       used 91547K, capacity 94833K, committed 95064K, reserved 1132544K
  class space    used 12015K, capacity 12807K, committed 12928K, reserved 1048576K
Event: 341.400 GC heap after
Heap after GC invocations=25 (full 4):
 PSYoungGen      total 319488K, used 61431K [0x00000000e0000000, 0x00000000f7400000, 0x0000000100000000)
  eden space 258048K, 0% used [0x00000000e0000000,0x00000000e0000000,0x00000000efc00000)
  from space 61440K, 99% used [0x00000000efc00000,0x00000000f37fde00,0x00000000f3800000)
  to   space 51712K, 0% used [0x00000000f4180000,0x00000000f4180000,0x00000000f7400000)
 ParOldGen       total 305152K, used 270006K [0x00000000a0000000, 0x00000000b2a00000, 0x00000000e0000000)
  object space 305152K, 88% used [0x00000000a0000000,0x00000000b07ad8d8,0x00000000b2a00000)
 Metaspace       used 91547K, capacity 94833K, committed 95064K, reserved 1132544K
  class space    used 12015K, capacity 12807K, committed 12928K, reserved 1048576K
}
Event: 341.400 GC heap before
{Heap before GC invocations=26 (full 5):
 PSYoungGen      total 319488K, used 61431K [0x00000000e0000000, 0x00000000f7400000, 0x0000000100000000)
  eden space 258048K, 0% used [0x00000000e0000000,0x00000000e0000000,0x00000000efc00000)
  from space 61440K, 99% used [0x00000000efc00000,0x00000000f37fde00,0x00000000f3800000)
  to   space 51712K, 0% used [0x00000000f4180000,0x00000000f4180000,0x00000000f7400000)
 ParOldGen       total 305152K, used 270006K [0x00000000a0000000, 0x00000000b2a00000, 0x00000000e0000000)
  object space 305152K, 88% used [0x00000000a0000000,0x00000000b07ad8d8,0x00000000b2a00000)
 Metaspace       used 91547K, capacity 94833K, committed 95064K, reserved 1132544K
  class space    used 12015K, capacity 12807K, committed 12928K, reserved 1048576K
Event: 341.772 GC heap after
Heap after GC invocations=26 (full 5):
 PSYoungGen      total 319488K, used 0K [0x00000000e0000000, 0x00000000f7400000, 0x0000000100000000)
  eden space 258048K, 0% used [0x00000000e0000000,0x00000000e0000000,0x00000000efc00000)
  from space 61440K, 0% used [0x00000000efc00000,0x00000000efc00000,0x00000000f3800000)
  to   space 51712K, 0% used [0x00000000f4180000,0x00000000f4180000,0x00000000f7400000)
 ParOldGen       total 360448K, used 156262K [0x00000000a0000000, 0x00000000b6000000, 0x00000000e0000000)
  object space 360448K, 43% used [0x00000000a0000000,0x00000000a98998e0,0x00000000b6000000)
 Metaspace       used 91501K, capacity 94711K, committed 95064K, reserved 1132544K
  class space    used 11998K, capacity 12778K, committed 12928K, reserved 1048576K
}

