# JRE version: Java(TM) SE Runtime Environment (8.0_172-b11) (build 1.8.0_172-b11)
# Java VM: Java HotSpot(TM) 64-Bit Server VM (25.172-b11 mixed mode windows-amd64 compressed oops)
Heap:
 PSYoungGen      total 402432K, used 59064K [0x00000000e0000000, 0x00000000fff00000, 0x0000000100000000)
  eden space 293888K, 18% used [0x00000000e0000000,0x00000000e355cd30,0x00000000f1f00000)
  from space 108544K, 4% used [0x00000000f1f00000,0x00000000f2351550,0x00000000f8900000)
  to   space 104448K, 0% used [0x00000000f9900000,0x00000000f9900000,0x00000000fff00000)
 ParOldGen       total 336384K, used 228091K [0x00000000a0000000, 0x00000000b4880000, 0x00000000e0000000)
  object space 336384K, 67% used [0x00000000a0000000,0x00000000adebed88,0x00000000b4880000)
 Metaspace       used 106243K, capacity 112174K, committed 118784K, reserved 1153024K
  class space    used 13324K, capacity 14436K, committed 15360K, reserved 1048576K
GC Heap History (10 events):
Event: 18573.136 GC heap before
{Heap before GC invocations=66 (full 9):
 PSYoungGen      total 382976K, used 332353K [0x00000000e0000000, 0x0000000100000000, 0x0000000100000000)
  eden space 276480K, 100% used [0x00000000e0000000,0x00000000f0e00000,0x00000000f0e00000)
  from space 106496K, 52% used [0x00000000f9800000,0x00000000fce90600,0x0000000100000000)
  to   space 123904K, 0% used [0x00000000f0e00000,0x00000000f0e00000,0x00000000f8700000)
 ParOldGen       total 336384K, used 174902K [0x00000000a0000000, 0x00000000b4880000, 0x00000000e0000000)
  object space 336384K, 51% used [0x00000000a0000000,0x00000000aaacdb20,0x00000000b4880000)
 Metaspace       used 105789K, capacity 111678K, committed 118528K, reserved 1153024K
  class space    used 13293K, capacity 14388K, committed 15360K, reserved 1048576K
Event: 18573.255 GC heap after
Heap after GC invocations=66 (full 9):
 PSYoungGen      total 400384K, used 5528K [0x00000000e0000000, 0x0000000100000000, 0x0000000100000000)
  eden space 276480K, 0% used [0x00000000e0000000,0x00000000e0000000,0x00000000f0e00000)
  from space 123904K, 4% used [0x00000000f0e00000,0x00000000f1366008,0x00000000f8700000)
  to   space 120832K, 0% used [0x00000000f8a00000,0x00000000f8a00000,0x0000000100000000)
 ParOldGen       total 336384K, used 226693K [0x00000000a0000000, 0x00000000b4880000, 0x00000000e0000000)
  object space 336384K, 67% used [0x00000000a0000000,0x00000000add614b0,0x00000000b4880000)
 Metaspace       used 105789K, capacity 111678K, committed 118528K, reserved 1153024K
  class space    used 13293K, capacity 14388K, committed 15360K, reserved 1048576K
}
Event: 20101.503 GC heap before
{Heap before GC invocations=67 (full 9):
 PSYoungGen      total 400384K, used 282008K [0x00000000e0000000, 0x0000000100000000, 0x0000000100000000)
  eden space 276480K, 100% used [0x00000000e0000000,0x00000000f0e00000,0x00000000f0e00000)
  from space 123904K, 4% used [0x00000000f0e00000,0x00000000f1366008,0x00000000f8700000)
  to   space 120832K, 0% used [0x00000000f8a00000,0x00000000f8a00000,0x0000000100000000)
 ParOldGen       total 336384K, used 226693K [0x00000000a0000000, 0x00000000b4880000, 0x00000000e0000000)
  object space 336384K, 67% used [0x00000000a0000000,0x00000000add614b0,0x00000000b4880000)
 Metaspace       used 105904K, capacity 111786K, committed 118528K, reserved 1153024K
  class space    used 13305K, capacity 14406K, committed 15360K, reserved 1048576K
Event: 20101.598 GC heap after
Heap after GC invocations=67 (full 9):
 PSYoungGen      total 390144K, used 7327K [0x00000000e0000000, 0x00000000ff600000, 0x0000000100000000)
  eden space 279552K, 0% used [0x00000000e0000000,0x00000000e0000000,0x00000000f1100000)
  from space 110592K, 6% used [0x00000000f8a00000,0x00000000f9127ca8,0x00000000ff600000)
  to   space 117248K, 0% used [0x00000000f1100000,0x00000000f1100000,0x00000000f8380000)
 ParOldGen       total 336384K, used 227783K [0x00000000a0000000, 0x00000000b4880000, 0x00000000e0000000)
  object space 336384K, 67% used [0x00000000a0000000,0x00000000ade71d48,0x00000000b4880000)
 Metaspace       used 105904K, capacity 111786K, committed 118528K, reserved 1153024K
  class space    used 13305K, capacity 14406K, committed 15360K, reserved 1048576K
}
Event: 27998.680 GC heap before
{Heap before GC invocations=68 (full 9):
 PSYoungGen      total 390144K, used 286879K [0x00000000e0000000, 0x00000000ff600000, 0x0000000100000000)
  eden space 279552K, 100% used [0x00000000e0000000,0x00000000f1100000,0x00000000f1100000)
  from space 110592K, 6% used [0x00000000f8a00000,0x00000000f9127ca8,0x00000000ff600000)
  to   space 117248K, 0% used [0x00000000f1100000,0x00000000f1100000,0x00000000f8380000)
 ParOldGen       total 336384K, used 227783K [0x00000000a0000000, 0x00000000b4880000, 0x00000000e0000000)
  object space 336384K, 67% used [0x00000000a0000000,0x00000000ade71d48,0x00000000b4880000)
 Metaspace       used 106037K, capacity 111976K, committed 118528K, reserved 1153024K
  class space    used 13310K, capacity 14415K, committed 15360K, reserved 1048576K
Event: 27999.739 GC heap after
Heap after GC invocations=68 (full 9):
 PSYoungGen      total 396800K, used 7066K [0x00000000e0000000, 0x00000000ffe80000, 0x0000000100000000)
  eden space 279552K, 0% used [0x00000000e0000000,0x00000000e0000000,0x00000000f1100000)
  from space 117248K, 6% used [0x00000000f1100000,0x00000000f17e6ae0,0x00000000f8380000)
  to   space 113152K, 0% used [0x00000000f9000000,0x00000000f9000000,0x00000000ffe80000)
 ParOldGen       total 336384K, used 227939K [0x00000000a0000000, 0x00000000b4880000, 0x00000000e0000000)
  object space 336384K, 67% used [0x00000000a0000000,0x00000000ade98d68,0x00000000b4880000)
 Metaspace       used 106037K, capacity 111976K, committed 118528K, reserved 1153024K
  class space    used 13310K, capacity 14415K, committed 15360K, reserved 1048576K
}
Event: 28223.517 GC heap before
{Heap before GC invocations=69 (full 9):
 PSYoungGen      total 396800K, used 286285K [0x00000000e0000000, 0x00000000ffe80000, 0x0000000100000000)
  eden space 279552K, 99% used [0x00000000e0000000,0x00000000f10acaa0,0x00000000f1100000)
  from space 117248K, 6% used [0x00000000f1100000,0x00000000f17e6ae0,0x00000000f8380000)
  to   space 113152K, 0% used [0x00000000f9000000,0x00000000f9000000,0x00000000ffe80000)
 ParOldGen       total 336384K, used 227939K [0x00000000a0000000, 0x00000000b4880000, 0x00000000e0000000)
  object space 336384K, 67% used [0x00000000a0000000,0x00000000ade98d68,0x00000000b4880000)
 Metaspace       used 106097K, capacity 112040K, committed 118528K, reserved 1153024K
  class space    used 13316K, capacity 14425K, committed 15360K, reserved 1048576K
Event: 28223.622 GC heap after
Heap after GC invocations=69 (full 9):
 PSYoungGen      total 395264K, used 8544K [0x00000000e0000000, 0x00000000ff300000, 0x0000000100000000)
  eden space 293888K, 0% used [0x00000000e0000000,0x00000000e0000000,0x00000000f1f00000)
  from space 101376K, 8% used [0x00000000f9000000,0x00000000f98582f8,0x00000000ff300000)
  to   space 108544K, 0% used [0x00000000f1f00000,0x00000000f1f00000,0x00000000f8900000)
 ParOldGen       total 336384K, used 228019K [0x00000000a0000000, 0x00000000b4880000, 0x00000000e0000000)
  object space 336384K, 67% used [0x00000000a0000000,0x00000000adeacd78,0x00000000b4880000)
 Metaspace       used 106097K, capacity 112040K, committed 118528K, reserved 1153024K
  class space    used 13316K, capacity 14425K, committed 15360K, reserved 1048576K
}
Event: 29398.446 GC heap before
{Heap before GC invocations=70 (full 9):
 PSYoungGen      total 395264K, used 302432K [0x00000000e0000000, 0x00000000ff300000, 0x0000000100000000)
  eden space 293888K, 100% used [0x00000000e0000000,0x00000000f1f00000,0x00000000f1f00000)
  from space 101376K, 8% used [0x00000000f9000000,0x00000000f98582f8,0x00000000ff300000)
  to   space 108544K, 0% used [0x00000000f1f00000,0x00000000f1f00000,0x00000000f8900000)
 ParOldGen       total 336384K, used 228019K [0x00000000a0000000, 0x00000000b4880000, 0x00000000e0000000)
  object space 336384K, 67% used [0x00000000a0000000,0x00000000adeacd78,0x00000000b4880000)
 Metaspace       used 106242K, capacity 112174K, committed 118784K, reserved 1153024K
  class space    used 13324K, capacity 14436K, committed 15360K, reserved 1048576K
Event: 29398.505 GC heap after
Heap after GC invocations=70 (full 9):
 PSYoungGen      total 402432K, used 4421K [0x00000000e0000000, 0x00000000fff00000, 0x0000000100000000)
  eden space 293888K, 0% used [0x00000000e0000000,0x00000000e0000000,0x00000000f1f00000)
  from space 108544K, 4% used [0x00000000f1f00000,0x00000000f2351550,0x00000000f8900000)
  to   space 104448K, 0% used [0x00000000f9900000,0x00000000f9900000,0x00000000fff00000)
 ParOldGen       total 336384K, used 228091K [0x00000000a0000000, 0x00000000b4880000, 0x00000000e0000000)
  object space 336384K, 67% used [0x00000000a0000000,0x00000000adebed88,0x00000000b4880000)
 Metaspace       used 106242K, capacity 112174K, committed 118784K, reserved 1153024K
  class space    used 13324K, capacity 14436K, committed 15360K, reserved 1048576K
}

